<?xml version="1.0" encoding="UTF-8"?>
<!-- Generated by org.testng.reporters.JUnitReportReporter -->
<testsuite skipped="0" hostname="LAPTOP-81USCNH7" name="com.demoqa.Pages.PageTitle" tests="4" failures="0" timestamp="10 Apr 2017 04:46:37 GMT" time="43.102" errors="0">
  <testcase name="verifyWebPage" time="10.119" classname="com.demoqa.Pages.PageTitle"/>
  <testcase name="verifyWebPage" time="10.344" classname="com.demoqa.Pages.PageTitle"/>
  <testcase name="verifyWebPage" time="9.869" classname="com.demoqa.Pages.PageTitle"/>
  <testcase name="verifyWebPage" time="12.770" classname="com.demoqa.Pages.PageTitle"/>
</testsuite> <!-- com.demoqa.Pages.PageTitle -->
