<?xml version="1.0" encoding="UTF-8"?>
<!-- Generated by org.testng.reporters.JUnitReportReporter -->
<testsuite skipped="0" hostname="LAPTOP-81USCNH7" name="com.Expedia.Pages.DatePicker" tests="1" failures="0" timestamp="14 Apr 2017 23:10:26 GMT" time="1.590" errors="0">
  <testcase name="clickJuly" time="1.590" classname="com.Expedia.Pages.DatePicker"/>
</testsuite> <!-- com.Expedia.Pages.DatePicker -->
