<?xml version="1.0" encoding="UTF-8"?>
<!-- Generated by org.testng.reporters.JUnitReportReporter -->
<testsuite name="com.jabong.AllTests.ReadPropertiesTest" tests="1" time="0.018" ignored="0" failures="0" timestamp="21 Apr 2017 02:24:21 GMT" skipped="0" hostname="LAPTOP-81USCNH7" errors="0">
  <testcase name="reading" time="0.018" classname="com.jabong.AllTests.ReadPropertiesTest"/>
</testsuite> <!-- com.jabong.AllTests.ReadPropertiesTest -->
