<?xml version="1.0" encoding="UTF-8"?>
<!-- Generated by org.testng.reporters.JUnitReportReporter -->
<testsuite name="com.jabong.AllTests.LoginTest" tests="1" time="2.764" ignored="0" failures="0" timestamp="21 Apr 2017 02:33:12 GMT" skipped="0" hostname="LAPTOP-81USCNH7" errors="0">
  <testcase name="login" time="2.764" classname="com.jabong.AllTests.LoginTest"/>
</testsuite> <!-- com.jabong.AllTests.LoginTest -->
