<?xml version="1.0" encoding="UTF-8"?>
<!-- Generated by org.testng.reporters.JUnitReportReporter -->
<testsuite name="com.jabong.AllTests.FileUploadTest" tests="1" time="8.889" ignored="0" failures="0" timestamp="20 Apr 2017 05:01:52 GMT" skipped="0" hostname="LAPTOP-81USCNH7" errors="0">
  <testcase name="uploadTest" time="8.889" classname="com.jabong.AllTests.FileUploadTest"/>
</testsuite> <!-- com.jabong.AllTests.FileUploadTest -->
