<?xml version="1.0" encoding="UTF-8"?>
<!-- Generated by org.testng.reporters.JUnitReportReporter -->
<testsuite name="com.jabong.Login.LoginTest" tests="1" time="3.870" ignored="0" failures="0" timestamp="19 Apr 2017 04:25:53 GMT" skipped="0" hostname="LAPTOP-81USCNH7" errors="0">
  <testcase name="login" time="3.870" classname="com.jabong.Login.LoginTest"/>
</testsuite> <!-- com.jabong.Login.LoginTest -->
